<?xml version="1.0" encoding="UTF-8"?>
<testng-results ignored="0" total="3" passed="2" failed="1" skipped="0">
  <reporter-output>
  </reporter-output>
  <suite started-at="2025-05-08T13:08:10 IST" name="Suite" finished-at="2025-05-08T13:08:33 IST" duration-ms="23120">
    <groups>
    </groups>
    <test started-at="2025-05-08T13:08:10 IST" name="Test" finished-at="2025-05-08T13:08:33 IST" duration-ms="23120">
      <class name="testCases.TC002_Loginaccount">
        <test-method is-config="true" signature="setup(java.lang.String)[pri:0, instance:testCases.TC002_Loginaccount@4c60d6e9]" started-at="2025-05-08T13:08:11 IST" name="setup" finished-at="2025-05-08T13:08:16 IST" duration-ms="5589" status="PASS">
          <params>
            <param index="0">
              <value>
                <![CDATA[chrome]]>
              </value>
            </param>
          </params>
          <reporter-output>
          </reporter-output>
        </test-method> <!-- setup -->
        <test-method signature="Loginaccount(java.lang.String,java.lang.String,java.lang.String)[pri:0, instance:testCases.TC002_Loginaccount@4c60d6e9]" started-at="2025-05-08T13:08:17 IST" name="Loginaccount" data-provider="dp1" finished-at="2025-05-08T13:08:20 IST" duration-ms="2220" status="PASS">
          <params>
            <param index="0">
              <value>
                <![CDATA[QolwI@gmail.com]]>
              </value>
            </param>
            <param index="1">
              <value>
                <![CDATA[Test1234]]>
              </value>
            </param>
            <param index="2">
              <value>
                <![CDATA[Valid]]>
              </value>
            </param>
          </params>
          <reporter-output>
          </reporter-output>
        </test-method> <!-- Loginaccount -->
        <test-method signature="Loginaccount(java.lang.String,java.lang.String,java.lang.String)[pri:0, instance:testCases.TC002_Loginaccount@4c60d6e9]" started-at="2025-05-08T13:08:20 IST" name="Loginaccount" data-provider="dp1" finished-at="2025-05-08T13:08:22 IST" duration-ms="2328" status="PASS">
          <params>
            <param index="0">
              <value>
                <![CDATA[LizJZ@gmail.com]]>
              </value>
            </param>
            <param index="1">
              <value>
                <![CDATA[Test1234]]>
              </value>
            </param>
            <param index="2">
              <value>
                <![CDATA[Valid]]>
              </value>
            </param>
          </params>
          <reporter-output>
          </reporter-output>
        </test-method> <!-- Loginaccount -->
        <test-method signature="Loginaccount(java.lang.String,java.lang.String,java.lang.String)[pri:0, instance:testCases.TC002_Loginaccount@4c60d6e9]" started-at="2025-05-08T13:08:22 IST" name="Loginaccount" data-provider="dp1" finished-at="2025-05-08T13:08:33 IST" duration-ms="11033" status="FAIL">
          <params>
            <param index="0">
              <value>
                <![CDATA[RxfjH@gmail.com]]>
              </value>
            </param>
            <param index="1">
              <value>
                <![CDATA[Test12345]]>
              </value>
            </param>
            <param index="2">
              <value>
                <![CDATA[Invalid]]>
              </value>
            </param>
          </params>
          <exception class="java.lang.AssertionError">
            <message>
              <![CDATA[expected [true] but found [false]]]>
            </message>
            <full-stacktrace>
              <![CDATA[java.lang.AssertionError: expected [true] but found [false]
at org.testng.Assert.fail(Assert.java:111)
at org.testng.Assert.failNotEquals(Assert.java:1590)
at org.testng.Assert.assertTrue(Assert.java:57)
at org.testng.Assert.assertTrue(Assert.java:67)
at testCases.TC002_Loginaccount.Loginaccount(TC002_Loginaccount.java:32)
at java.base/jdk.internal.reflect.NativeMethodAccessorImpl.invoke0(Native Method)
at java.base/jdk.internal.reflect.NativeMethodAccessorImpl.invoke(NativeMethodAccessorImpl.java:77)
at java.base/jdk.internal.reflect.DelegatingMethodAccessorImpl.invoke(DelegatingMethodAccessorImpl.java:43)
at java.base/java.lang.reflect.Method.invoke(Method.java:568)
at org.testng.internal.invokers.MethodInvocationHelper.invokeMethod(MethodInvocationHelper.java:141)
at org.testng.internal.invokers.TestInvoker.invokeMethod(TestInvoker.java:687)
at org.testng.internal.invokers.TestInvoker.invokeTestMethod(TestInvoker.java:230)
at org.testng.internal.invokers.MethodRunner.runInSequence(MethodRunner.java:63)
at org.testng.internal.invokers.TestInvoker$MethodInvocationAgent.invoke(TestInvoker.java:995)
at org.testng.internal.invokers.TestInvoker.invokeTestMethods(TestInvoker.java:203)
at org.testng.internal.invokers.TestMethodWorker.invokeTestMethods(TestMethodWorker.java:154)
at org.testng.internal.invokers.TestMethodWorker.run(TestMethodWorker.java:134)
at java.base/java.util.ArrayList.forEach(ArrayList.java:1511)
at org.testng.TestRunner.privateRun(TestRunner.java:741)
at org.testng.TestRunner.run(TestRunner.java:616)
at org.testng.SuiteRunner.runTest(SuiteRunner.java:421)
at org.testng.SuiteRunner.runSequentially(SuiteRunner.java:413)
at org.testng.SuiteRunner.privateRun(SuiteRunner.java:373)
at org.testng.SuiteRunner.run(SuiteRunner.java:312)
at org.testng.SuiteRunnerWorker.runSuite(SuiteRunnerWorker.java:52)
at org.testng.SuiteRunnerWorker.run(SuiteRunnerWorker.java:95)
at org.testng.TestNG.runSuitesSequentially(TestNG.java:1274)
at org.testng.TestNG.runSuitesLocally(TestNG.java:1208)
at org.testng.TestNG.runSuites(TestNG.java:1112)
at org.testng.TestNG.run(TestNG.java:1079)
at org.testng.remote.AbstractRemoteTestNG.run(AbstractRemoteTestNG.java:115)
at org.testng.remote.RemoteTestNG.initAndRun(RemoteTestNG.java:293)
at org.testng.remote.RemoteTestNG.main(RemoteTestNG.java:91)
]]>
            </full-stacktrace>
          </exception> <!-- java.lang.AssertionError -->
          <reporter-output>
          </reporter-output>
        </test-method> <!-- Loginaccount -->
        <test-method is-config="true" signature="teardown()[pri:0, instance:testCases.TC002_Loginaccount@4c60d6e9]" started-at="2025-05-08T13:08:33 IST" name="teardown" finished-at="2025-05-08T13:08:33 IST" duration-ms="315" status="PASS">
          <reporter-output>
          </reporter-output>
        </test-method> <!-- teardown -->
      </class> <!-- testCases.TC002_Loginaccount -->
    </test> <!-- Test -->
  </suite> <!-- Suite -->
</testng-results>
